<?xml version="1.0" encoding="UTF-8"?>
<!-- Generated by org.testng.reporters.JUnitXMLReporter -->
<testsuite hostname="LAPTOP-KV52D3LO" ignored="0" tests="4" failures="2" timestamp="20 Apr 2018 09:42:17 GMT" time="399.774" errors="0">
  <testcase name="DownloadContent" time="3.396" classname="App"/>
  <testcase name="HardwareMenu" time="94.622" classname="App"/>
  <testcase name="TechMenu" time="301.076" classname="App">
    <failure type="org.openqa.selenium.WebDriverException" message="&amp;lt;html&amp;gt;&amp;lt;body&amp;gt;&amp;lt;h1&amp;gt;504 Gateway Time-out&amp;lt;/h1&amp;gt;
The server didn&amp;apos;t respond in time.
&amp;lt;/body&amp;gt;&amp;lt;/html&amp;gt;
Command duration or timeout: 300.28 seconds
Build info: version: &amp;apos;3.11.0&amp;apos;, revision: &amp;apos;e59cfb3&amp;apos;, time: &amp;apos;2018-03-11T20:33:08.638Z&amp;apos;
System info: host: &amp;apos;LAPTOP-KV52D3LO&amp;apos;, ip: &amp;apos;192.168.1.21&amp;apos;, os.name: &amp;apos;Windows 10&amp;apos;, os.arch: &amp;apos;amd64&amp;apos;, os.version: &amp;apos;10.0&amp;apos;, java.version: &amp;apos;1.8.0_161&amp;apos;
Driver info: io.appium.java_client.android.AndroidDriver
Capabilities {app: /tmp/tmpazc7AJ/Key.apk, appActivity: com.keysight.keysightpartne..., appPackage: com.keysight.keysightpartne..., appWaitActivity: com.keysight.keysightpartne..., appWaitPackage: com.keysight.keysightpartne..., automationName: Appium, databaseEnabled: false, desired: {app: /tmp/tmpazc7AJ/Key.apk, automationName: Appium, deviceName: Google Pixel GoogleAPI Emul..., eventTimings: true, maxTypingFrequency: 8, newCommandTimeout: 0, noReset: true, orientation: PORTRAIT, platformName: Android, platformVersion: 7.0, proxy: {proxyAutoconfigUrl: http://127.0.0.1:19876/pac.js, proxyType: PAC}, udid: emulator-5554, webdriver.remote.quietExceptions: false}, deviceManufacturer: unknown, deviceModel: Android SDK built for x86_64, deviceName: emulator-5554, deviceScreenSize: 1080x1920, deviceUDID: emulator-5554, eventTimings: true, events: {commands: []}, hasMetadata: true, javascriptEnabled: true, locationContextEnabled: false, maxTypingFrequency: 8, networkConnectionEnabled: true, newCommandTimeout: 0, noReset: true, orientation: PORTRAIT, platform: LINUX, platformName: LINUX, platformVersion: 7.0, proxy: Proxy(pac: http://127.0.0.1..., takesScreenshot: true, udid: emulator-5554, warnings: {}, webStorageEnabled: false, webdriver.remote.quietExceptions: false, webdriver.remote.sessionid: 9bd0d5a5ed134344b953083aaee...}
Session ID: 9bd0d5a5ed134344b953083aaee5d11a
*** Element info: {Using=xpath, value=//android.widget.TextView[@text=&amp;apos;2. Industries &amp;amp; Technologies&amp;apos;]}">
      <![CDATA[org.openqa.selenium.WebDriverException: <html><body><h1>504 Gateway Time-out</h1>
The server didn't respond in time.
</body></html>
Command duration or timeout: 300.28 seconds
Build info: version: '3.11.0', revision: 'e59cfb3', time: '2018-03-11T20:33:08.638Z'
System info: host: 'LAPTOP-KV52D3LO', ip: '192.168.1.21', os.name: 'Windows 10', os.arch: 'amd64', os.version: '10.0', java.version: '1.8.0_161'
Driver info: io.appium.java_client.android.AndroidDriver
Capabilities {app: /tmp/tmpazc7AJ/Key.apk, appActivity: com.keysight.keysightpartne..., appPackage: com.keysight.keysightpartne..., appWaitActivity: com.keysight.keysightpartne..., appWaitPackage: com.keysight.keysightpartne..., automationName: Appium, databaseEnabled: false, desired: {app: /tmp/tmpazc7AJ/Key.apk, automationName: Appium, deviceName: Google Pixel GoogleAPI Emul..., eventTimings: true, maxTypingFrequency: 8, newCommandTimeout: 0, noReset: true, orientation: PORTRAIT, platformName: Android, platformVersion: 7.0, proxy: {proxyAutoconfigUrl: http://127.0.0.1:19876/pac.js, proxyType: PAC}, udid: emulator-5554, webdriver.remote.quietExceptions: false}, deviceManufacturer: unknown, deviceModel: Android SDK built for x86_64, deviceName: emulator-5554, deviceScreenSize: 1080x1920, deviceUDID: emulator-5554, eventTimings: true, events: {commands: []}, hasMetadata: true, javascriptEnabled: true, locationContextEnabled: false, maxTypingFrequency: 8, networkConnectionEnabled: true, newCommandTimeout: 0, noReset: true, orientation: PORTRAIT, platform: LINUX, platformName: LINUX, platformVersion: 7.0, proxy: Proxy(pac: http://127.0.0.1..., takesScreenshot: true, udid: emulator-5554, warnings: {}, webStorageEnabled: false, webdriver.remote.quietExceptions: false, webdriver.remote.sessionid: 9bd0d5a5ed134344b953083aaee...}
Session ID: 9bd0d5a5ed134344b953083aaee5d11a
*** Element info: {Using=xpath, value=//android.widget.TextView[@text='2. Industries & Technologies']}
at sun.reflect.NativeConstructorAccessorImpl.newInstance0(Native Method)
at sun.reflect.NativeConstructorAccessorImpl.newInstance(Unknown Source)
at sun.reflect.DelegatingConstructorAccessorImpl.newInstance(Unknown Source)
at java.lang.reflect.Constructor.newInstance(Unknown Source)
at org.openqa.selenium.remote.ErrorHandler.createThrowable(ErrorHandler.java:214)
at org.openqa.selenium.remote.ErrorHandler.throwIfResponseFailed(ErrorHandler.java:166)
at org.openqa.selenium.remote.RemoteWebDriver.execute(RemoteWebDriver.java:579)
at io.appium.java_client.DefaultGenericMobileDriver.execute(DefaultGenericMobileDriver.java:42)
at io.appium.java_client.AppiumDriver.execute(AppiumDriver.java:1)
at io.appium.java_client.android.AndroidDriver.execute(AndroidDriver.java:1)
at org.openqa.selenium.remote.RemoteWebDriver.findElement(RemoteWebDriver.java:319)
at io.appium.java_client.DefaultGenericMobileDriver.findElement(DefaultGenericMobileDriver.java:62)
at io.appium.java_client.AppiumDriver.findElement(AppiumDriver.java:1)
at io.appium.java_client.android.AndroidDriver.findElement(AndroidDriver.java:1)
at org.openqa.selenium.remote.RemoteWebDriver.findElementByXPath(RemoteWebDriver.java:421)
at io.appium.java_client.DefaultGenericMobileDriver.findElementByXPath(DefaultGenericMobileDriver.java:152)
at io.appium.java_client.AppiumDriver.findElementByXPath(AppiumDriver.java:1)
at io.appium.java_client.android.AndroidDriver.findElementByXPath(AndroidDriver.java:1)
at App.TechMenu(App.java:93)
at sun.reflect.NativeMethodAccessorImpl.invoke0(Native Method)
at sun.reflect.NativeMethodAccessorImpl.invoke(Unknown Source)
at sun.reflect.DelegatingMethodAccessorImpl.invoke(Unknown Source)
at java.lang.reflect.Method.invoke(Unknown Source)
at org.testng.internal.MethodInvocationHelper.invokeMethod(MethodInvocationHelper.java:124)
at org.testng.internal.Invoker.invokeMethod(Invoker.java:580)
at org.testng.internal.Invoker.invokeTestMethod(Invoker.java:716)
at org.testng.internal.Invoker.invokeTestMethods(Invoker.java:988)
at org.testng.internal.TestMethodWorker.invokeTestMethods(TestMethodWorker.java:125)
at org.testng.internal.TestMethodWorker.run(TestMethodWorker.java:109)
at org.testng.TestRunner.privateRun(TestRunner.java:648)
at org.testng.TestRunner.run(TestRunner.java:505)
at org.testng.SuiteRunner.runTest(SuiteRunner.java:455)
at org.testng.SuiteRunner.runSequentially(SuiteRunner.java:450)
at org.testng.SuiteRunner.privateRun(SuiteRunner.java:415)
at org.testng.SuiteRunner.run(SuiteRunner.java:364)
at org.testng.SuiteRunnerWorker.runSuite(SuiteRunnerWorker.java:52)
at org.testng.SuiteRunnerWorker.run(SuiteRunnerWorker.java:84)
at org.testng.TestNG.runSuitesSequentially(TestNG.java:1208)
at org.testng.TestNG.runSuitesLocally(TestNG.java:1137)
at org.testng.TestNG.runSuites(TestNG.java:1049)
at org.testng.TestNG.run(TestNG.java:1017)
at org.testng.remote.AbstractRemoteTestNG.run(AbstractRemoteTestNG.java:114)
at org.testng.remote.RemoteTestNG.initAndRun(RemoteTestNG.java:251)
at org.testng.remote.RemoteTestNG.main(RemoteTestNG.java:77)
]]>
    </failure>
  </testcase> <!-- TechMenu -->
  <testcase name="Tour" time="0.604" classname="App">
    <failure type="org.openqa.selenium.UnsupportedCommandException" message="ERROR The test with session id 9bd0d5a5ed134344b953083aaee5d11a has already finished, and can&amp;apos;t receive further commands.
You can learn more at https://saucelabs.com/jobs/9bd0d5a5ed134344b953083aaee5d11a
For help, please check https://wiki.saucelabs.com/display/DOCS/Common+Error+Messages
Command duration or timeout: 603 milliseconds
Build info: version: &amp;apos;3.11.0&amp;apos;, revision: &amp;apos;e59cfb3&amp;apos;, time: &amp;apos;2018-03-11T20:33:08.638Z&amp;apos;
System info: host: &amp;apos;LAPTOP-KV52D3LO&amp;apos;, ip: &amp;apos;192.168.1.21&amp;apos;, os.name: &amp;apos;Windows 10&amp;apos;, os.arch: &amp;apos;amd64&amp;apos;, os.version: &amp;apos;10.0&amp;apos;, java.version: &amp;apos;1.8.0_161&amp;apos;
Driver info: io.appium.java_client.android.AndroidDriver
Capabilities {app: /tmp/tmpazc7AJ/Key.apk, appActivity: com.keysight.keysightpartne..., appPackage: com.keysight.keysightpartne..., appWaitActivity: com.keysight.keysightpartne..., appWaitPackage: com.keysight.keysightpartne..., automationName: Appium, databaseEnabled: false, desired: {app: /tmp/tmpazc7AJ/Key.apk, automationName: Appium, deviceName: Google Pixel GoogleAPI Emul..., eventTimings: true, maxTypingFrequency: 8, newCommandTimeout: 0, noReset: true, orientation: PORTRAIT, platformName: Android, platformVersion: 7.0, proxy: {proxyAutoconfigUrl: http://127.0.0.1:19876/pac.js, proxyType: PAC}, udid: emulator-5554, webdriver.remote.quietExceptions: false}, deviceManufacturer: unknown, deviceModel: Android SDK built for x86_64, deviceName: emulator-5554, deviceScreenSize: 1080x1920, deviceUDID: emulator-5554, eventTimings: true, events: {commands: []}, hasMetadata: true, javascriptEnabled: true, locationContextEnabled: false, maxTypingFrequency: 8, networkConnectionEnabled: true, newCommandTimeout: 0, noReset: true, orientation: PORTRAIT, platform: LINUX, platformName: LINUX, platformVersion: 7.0, proxy: Proxy(pac: http://127.0.0.1..., takesScreenshot: true, udid: emulator-5554, warnings: {}, webStorageEnabled: false, webdriver.remote.quietExceptions: false, webdriver.remote.sessionid: 9bd0d5a5ed134344b953083aaee...}
Session ID: 9bd0d5a5ed134344b953083aaee5d11a
*** Element info: {Using=accessibility id, value=Open}">
      <![CDATA[org.openqa.selenium.UnsupportedCommandException: ERROR The test with session id 9bd0d5a5ed134344b953083aaee5d11a has already finished, and can't receive further commands.
You can learn more at https://saucelabs.com/jobs/9bd0d5a5ed134344b953083aaee5d11a
For help, please check https://wiki.saucelabs.com/display/DOCS/Common+Error+Messages
Command duration or timeout: 603 milliseconds
Build info: version: '3.11.0', revision: 'e59cfb3', time: '2018-03-11T20:33:08.638Z'
System info: host: 'LAPTOP-KV52D3LO', ip: '192.168.1.21', os.name: 'Windows 10', os.arch: 'amd64', os.version: '10.0', java.version: '1.8.0_161'
Driver info: io.appium.java_client.android.AndroidDriver
Capabilities {app: /tmp/tmpazc7AJ/Key.apk, appActivity: com.keysight.keysightpartne..., appPackage: com.keysight.keysightpartne..., appWaitActivity: com.keysight.keysightpartne..., appWaitPackage: com.keysight.keysightpartne..., automationName: Appium, databaseEnabled: false, desired: {app: /tmp/tmpazc7AJ/Key.apk, automationName: Appium, deviceName: Google Pixel GoogleAPI Emul..., eventTimings: true, maxTypingFrequency: 8, newCommandTimeout: 0, noReset: true, orientation: PORTRAIT, platformName: Android, platformVersion: 7.0, proxy: {proxyAutoconfigUrl: http://127.0.0.1:19876/pac.js, proxyType: PAC}, udid: emulator-5554, webdriver.remote.quietExceptions: false}, deviceManufacturer: unknown, deviceModel: Android SDK built for x86_64, deviceName: emulator-5554, deviceScreenSize: 1080x1920, deviceUDID: emulator-5554, eventTimings: true, events: {commands: []}, hasMetadata: true, javascriptEnabled: true, locationContextEnabled: false, maxTypingFrequency: 8, networkConnectionEnabled: true, newCommandTimeout: 0, noReset: true, orientation: PORTRAIT, platform: LINUX, platformName: LINUX, platformVersion: 7.0, proxy: Proxy(pac: http://127.0.0.1..., takesScreenshot: true, udid: emulator-5554, warnings: {}, webStorageEnabled: false, webdriver.remote.quietExceptions: false, webdriver.remote.sessionid: 9bd0d5a5ed134344b953083aaee...}
Session ID: 9bd0d5a5ed134344b953083aaee5d11a
*** Element info: {Using=accessibility id, value=Open}
at sun.reflect.NativeConstructorAccessorImpl.newInstance0(Native Method)
at sun.reflect.NativeConstructorAccessorImpl.newInstance(Unknown Source)
at sun.reflect.DelegatingConstructorAccessorImpl.newInstance(Unknown Source)
at java.lang.reflect.Constructor.newInstance(Unknown Source)
at org.openqa.selenium.remote.ErrorHandler.createThrowable(ErrorHandler.java:214)
at org.openqa.selenium.remote.ErrorHandler.throwIfResponseFailed(ErrorHandler.java:166)
at org.openqa.selenium.remote.RemoteWebDriver.execute(RemoteWebDriver.java:579)
at io.appium.java_client.DefaultGenericMobileDriver.execute(DefaultGenericMobileDriver.java:42)
at io.appium.java_client.AppiumDriver.execute(AppiumDriver.java:1)
at io.appium.java_client.android.AndroidDriver.execute(AndroidDriver.java:1)
at org.openqa.selenium.remote.RemoteWebDriver.findElement(RemoteWebDriver.java:319)
at io.appium.java_client.DefaultGenericMobileDriver.findElement(DefaultGenericMobileDriver.java:62)
at io.appium.java_client.AppiumDriver.findElement(AppiumDriver.java:1)
at io.appium.java_client.android.AndroidDriver.findElement(AndroidDriver.java:1)
at io.appium.java_client.FindsByAccessibilityId.findElementByAccessibilityId(FindsByAccessibilityId.java:37)
at App.Tour(App.java:75)
at sun.reflect.NativeMethodAccessorImpl.invoke0(Native Method)
at sun.reflect.NativeMethodAccessorImpl.invoke(Unknown Source)
at sun.reflect.DelegatingMethodAccessorImpl.invoke(Unknown Source)
at java.lang.reflect.Method.invoke(Unknown Source)
at org.testng.internal.MethodInvocationHelper.invokeMethod(MethodInvocationHelper.java:124)
at org.testng.internal.Invoker.invokeMethod(Invoker.java:580)
at org.testng.internal.Invoker.invokeTestMethod(Invoker.java:716)
at org.testng.internal.Invoker.invokeTestMethods(Invoker.java:988)
at org.testng.internal.TestMethodWorker.invokeTestMethods(TestMethodWorker.java:125)
at org.testng.internal.TestMethodWorker.run(TestMethodWorker.java:109)
at org.testng.TestRunner.privateRun(TestRunner.java:648)
at org.testng.TestRunner.run(TestRunner.java:505)
at org.testng.SuiteRunner.runTest(SuiteRunner.java:455)
at org.testng.SuiteRunner.runSequentially(SuiteRunner.java:450)
at org.testng.SuiteRunner.privateRun(SuiteRunner.java:415)
at org.testng.SuiteRunner.run(SuiteRunner.java:364)
at org.testng.SuiteRunnerWorker.runSuite(SuiteRunnerWorker.java:52)
at org.testng.SuiteRunnerWorker.run(SuiteRunnerWorker.java:84)
at org.testng.TestNG.runSuitesSequentially(TestNG.java:1208)
at org.testng.TestNG.runSuitesLocally(TestNG.java:1137)
at org.testng.TestNG.runSuites(TestNG.java:1049)
at org.testng.TestNG.run(TestNG.java:1017)
at org.testng.remote.AbstractRemoteTestNG.run(AbstractRemoteTestNG.java:114)
at org.testng.remote.RemoteTestNG.initAndRun(RemoteTestNG.java:251)
at org.testng.remote.RemoteTestNG.main(RemoteTestNG.java:77)
]]>
    </failure>
  </testcase> <!-- Tour -->
</testsuite>
